2025-09-25 09:55:51,457 - MessageBus - INFO - 📡 注册Agent: coordinator
2025-09-25 09:55:51,457 - MessageBus - INFO - 📡 注册Agent: collector
2025-09-25 09:55:51,457 - MessageBus - INFO - 📡 注册Agent: processor
2025-09-25 09:55:51,457 - MessageBus - INFO - 📡 注册Agent: storage
2025-09-25 09:55:51,457 - MultiAgentSystem - INFO - 🤖 Multi-Agent系统初始化完成
2025-09-25 09:55:51,457 - MultiAgentSystem - INFO - 📋 注册了 4 个智能代理:
2025-09-25 09:55:51,461 - MultiAgentSystem - INFO -    - 系统协调器[coordinator]
2025-09-25 09:55:51,461 - MultiAgentSystem - INFO -    - 数据收集器[collector]
2025-09-25 09:55:51,461 - MultiAgentSystem - INFO -    - 数据处理器[processor]
2025-09-25 09:55:51,461 - MultiAgentSystem - INFO -    - 数据存储器[storage]
2025-09-25 09:55:51,461 - MultiAgentSystem - INFO - 🚀 启动Multi-Agent B站爬虫系统...
2025-09-25 09:55:51,461 - MultiAgentSystem - INFO - 🎯 目标: 获取B站热门排行榜前100个视频
2025-09-25 09:55:51,461 - MultiAgentSystem - INFO - 💡 按 Ctrl+C 可随时停止程序
2025-09-25 09:55:51,461 - 系统协调器[coordinator] - INFO - 📋 开始分配数据收集任务...
2025-09-25 09:55:51,461 - 系统协调器[coordinator] - INFO - 🚀 系统协调器 已启动
2025-09-25 09:55:51,461 - 系统协调器[coordinator] - INFO - 📤 分配任务: 收集第 1 页数据
2025-09-25 09:55:51,461 - 数据收集器[collector] - INFO - 📥 接收任务: collect_page_1
2025-09-25 09:55:51,461 - 数据收集器[collector] - INFO - 🚀 数据收集器 已启动
2025-09-25 09:55:51,465 - 数据收集器[collector] - INFO - 🔍 开始收集第 1 页数据...
2025-09-25 09:55:51,466 - 数据处理器[processor] - INFO - 🚀 数据处理器 已启动
2025-09-25 09:55:51,466 - 数据存储器[storage] - INFO - 🚀 数据存储器 已启动
2025-09-25 09:55:51,466 - MultiAgentSystem - INFO - ✅ 所有智能代理已启动，开始协作爬取...
2025-09-25 09:55:51,965 - 系统协调器[coordinator] - INFO - 📤 分配任务: 收集第 2 页数据
2025-09-25 09:55:52,097 - 数据收集器[collector] - INFO - ✅ 第 1 页收集完成: 20 个视频
2025-09-25 09:55:52,200 - 数据处理器[processor] - INFO - 📥 接收数据: 第 1 页
2025-09-25 09:55:52,200 - 数据处理器[processor] - INFO - 🔧 开始处理第 1 页数据...
2025-09-25 09:55:52,200 - 数据处理器[processor] - INFO - ✅ 第 1 页处理完成: 20 个视频
2025-09-25 09:55:52,300 - 数据存储器[storage] - INFO - 📥 接收处理后数据: 第 1 页
2025-09-25 09:55:52,300 - 数据存储器[storage] - INFO - 💾 开始存储第 1 页数据...
2025-09-25 09:55:52,300 - 数据存储器[storage] - INFO - ✅ 第 1 页存储完成: 20 个视频
2025-09-25 09:55:52,300 - 数据存储器[storage] - INFO - 📊 总进度: 1/5 页, 共 20 个视频
2025-09-25 09:55:52,466 - 系统协调器[coordinator] - INFO - 📤 分配任务: 收集第 3 页数据
2025-09-25 09:55:52,967 - 系统协调器[coordinator] - INFO - 📤 分配任务: 收集第 4 页数据
2025-09-25 09:55:53,469 - 系统协调器[coordinator] - INFO - 📤 分配任务: 收集第 5 页数据
2025-09-25 09:55:53,907 - 数据收集器[collector] - INFO - 📥 接收任务: collect_page_2
2025-09-25 09:55:53,907 - 数据收集器[collector] - INFO - 📥 接收任务: collect_page_3
2025-09-25 09:55:53,907 - 数据收集器[collector] - INFO - 📥 接收任务: collect_page_4
2025-09-25 09:55:53,907 - 数据收集器[collector] - INFO - 📥 接收任务: collect_page_5
2025-09-25 09:55:53,907 - 数据收集器[collector] - INFO - 🔍 开始收集第 2 页数据...
2025-09-25 09:55:54,070 - 系统协调器[coordinator] - INFO - ✅ 任务完成: collect_page_1, 获得 20 个视频
2025-09-25 09:55:54,070 - 系统协调器[coordinator] - INFO - 📊 进度: 1/5 页完成
2025-09-25 09:55:54,383 - 数据收集器[collector] - INFO - ✅ 第 2 页收集完成: 20 个视频
2025-09-25 09:55:54,415 - 数据处理器[processor] - INFO - 📥 接收数据: 第 2 页
2025-09-25 09:55:54,416 - 数据处理器[processor] - INFO - 🔧 开始处理第 2 页数据...
2025-09-25 09:55:54,416 - 数据处理器[processor] - INFO - ✅ 第 2 页处理完成: 20 个视频
2025-09-25 09:55:54,473 - 系统协调器[coordinator] - INFO - ✅ 任务完成: collect_page_2, 获得 20 个视频
2025-09-25 09:55:54,473 - 系统协调器[coordinator] - INFO - 📊 进度: 2/5 页完成
2025-09-25 09:55:54,516 - 数据存储器[storage] - INFO - 📥 接收处理后数据: 第 2 页
2025-09-25 09:55:54,516 - 数据存储器[storage] - INFO - 💾 开始存储第 2 页数据...
2025-09-25 09:55:54,516 - 数据存储器[storage] - INFO - ✅ 第 2 页存储完成: 20 个视频
2025-09-25 09:55:54,516 - 数据存储器[storage] - INFO - 📊 总进度: 2/5 页, 共 40 个视频
2025-09-25 09:55:56,163 - 数据收集器[collector] - INFO - 🔍 开始收集第 3 页数据...
2025-09-25 09:55:56,467 - MultiAgentSystem - INFO - 📊 系统进度: 2/5 页完成, 已收集 40 个视频
2025-09-25 09:55:56,478 - 数据收集器[collector] - INFO - ✅ 第 3 页收集完成: 20 个视频
2025-09-25 09:55:56,486 - 系统协调器[coordinator] - INFO - ✅ 任务完成: collect_page_3, 获得 20 个视频
2025-09-25 09:55:56,487 - 系统协调器[coordinator] - INFO - 📊 进度: 3/5 页完成
2025-09-25 09:55:56,530 - 数据处理器[processor] - INFO - 📥 接收数据: 第 3 页
2025-09-25 09:55:56,530 - 数据处理器[processor] - INFO - 🔧 开始处理第 3 页数据...
2025-09-25 09:55:56,530 - 数据处理器[processor] - INFO - ✅ 第 3 页处理完成: 20 个视频
2025-09-25 09:55:56,630 - 数据存储器[storage] - INFO - 📥 接收处理后数据: 第 3 页
2025-09-25 09:55:56,630 - 数据存储器[storage] - INFO - 💾 开始存储第 3 页数据...
2025-09-25 09:55:56,630 - 数据存储器[storage] - INFO - ✅ 第 3 页存储完成: 20 个视频
2025-09-25 09:55:56,632 - 数据存储器[storage] - INFO - 📊 总进度: 3/5 页, 共 60 个视频
2025-09-25 09:55:58,389 - 数据收集器[collector] - INFO - 🔍 开始收集第 4 页数据...
